Base path: 'C:/Program Files/Unity/Hub/Editor/2019.2.9f1/Editor/Data', plugins path 'C:/Program Files/Unity/Hub/Editor/2019.2.9f1/Editor/Data/PlaybackEngines'
Cmd: initializeCompiler
Cmd: compileComputeKernel
  api=4 insize=12270 outsize=1535 ok=1
Cmd: compileComputeKernel
  api=4 insize=64076 outsize=12478 ok=1
Cmd: compileComputeKernel
  api=4 insize=4482 outsize=1831 ok=1
Cmd: compileComputeKernel
  api=4 insize=23621 outsize=9502 ok=1
Cmd: compileComputeKernel
  api=4 insize=27408 outsize=1674 ok=1
Cmd: compileComputeKernel
  api=4 insize=27408 outsize=1574 ok=1
Cmd: compileComputeKernel
  api=4 insize=27408 outsize=1309 ok=1
Cmd: compileComputeKernel
  api=4 insize=27408 outsize=1368 ok=1
Cmd: compileComputeKernel
  api=4 insize=27408 outsize=1831 ok=1
Cmd: compileComputeKernel
  api=4 insize=27408 outsize=1326 ok=1
Cmd: compileComputeKernel
  api=4 insize=20360 outsize=801 ok=1
Cmd: compileComputeKernel
  api=4 insize=20360 outsize=850 ok=1
Cmd: compileComputeKernel
  api=4 insize=20360 outsize=696 ok=1
Cmd: compileComputeKernel
  api=4 insize=20360 outsize=1309 ok=1
Cmd: compileComputeKernel
  api=4 insize=20360 outsize=1354 ok=1
Cmd: compileComputeKernel
  api=4 insize=20360 outsize=1450 ok=1
Cmd: compileComputeKernel
  api=4 insize=20360 outsize=1233 ok=1
Cmd: compileSnippet
  api=4 type=0 insize=24152 outsize=1714 kw=UNITY_PASS_FORWARDBASE DIRECTIONAL SHADOWS_SCREEN LIGHTPROBE_SH pd=UNITY_ENABLE_REFLECTION_BUFFERS UNITY_USE_DITHER_MASK_FOR_ALPHABLENDED_SHADOWS UNITY_PBS_USE_BRDF1 UNITY_SPECCUBE_BOX_PROJECTION UNITY_SPECCUBE_BLENDING UNITY_ENABLE_DETAIL_NORMALMAP SHADER_API_DESKTOP UNITY_COLORSPACE_GAMMA UNITY_LIGHT_PROBE_PROXY_VOLUME UNITY_LIGHTMAP_FULL_HDR ok=1
Cmd: compileSnippet
  api=4 type=0 insize=1373 outsize=2002 kw=UNITY_PASS_FORWARDBASE DIRECTIONAL SHADOWS_SCREEN LIGHTPROBE_SH pd=UNITY_ENABLE_REFLECTION_BUFFERS UNITY_USE_DITHER_MASK_FOR_ALPHABLENDED_SHADOWS UNITY_PBS_USE_BRDF1 UNITY_SPECCUBE_BOX_PROJECTION UNITY_SPECCUBE_BLENDING UNITY_ENABLE_DETAIL_NORMALMAP SHADER_API_DESKTOP UNITY_COLORSPACE_GAMMA UNITY_LIGHT_PROBE_PROXY_VOLUME UNITY_LIGHTMAP_FULL_HDR ok=1
